<?xml version="1.0" encoding="UTF-8"?>
<!-- Generated by org.testng.reporters.JUnitReportReporter -->
<testsuite hostname="DESKTOP-ODI7CKQ" failures="0" tests="5" name="testCases.TC003_LoginDDT" time="52.696" errors="0" timestamp="2024-09-18T16:39:55 IST" skipped="0">
  <testcase classname="testCases.TC003_LoginDDT" name="verify_loginDDT" time="13.693"/>
  <testcase classname="testCases.TC003_LoginDDT" name="verify_loginDDT" time="12.981"/>
  <testcase classname="testCases.TC003_LoginDDT" name="verify_loginDDT" time="14.520"/>
  <testcase classname="testCases.TC003_LoginDDT" name="verify_loginDDT" time="5.763"/>
  <testcase classname="testCases.TC003_LoginDDT" name="verify_loginDDT" time="5.739"/>
</testsuite> <!-- testCases.TC003_LoginDDT -->
