<?xml version="1.0" encoding="UTF-8"?>
<!-- Generated by org.testng.reporters.JUnitReportReporter -->
<testsuite hostname="DESKTOP-ODI7CKQ" failures="0" tests="1" name="testCases.TC002_AccountLoginTest" time="3.462" errors="0" timestamp="2024-09-23T16:13:15 IST" skipped="0">
  <testcase classname="testCases.TC002_AccountLoginTest" name="verif_login" time="3.462"/>
</testsuite> <!-- testCases.TC002_AccountLoginTest -->
